<?xml version="1.0" encoding="UTF-8"?>
<testng-results skipped="0" failed="0" ignored="0" total="2" passed="2">
  <reporter-output>
  </reporter-output>
  <suite name="Default suite" duration-ms="89692" started-at="2020-06-12T18:59:23 IST" finished-at="2020-06-12T19:00:53 IST">
    <groups>
    </groups>
    <test name="Default test" duration-ms="89692" started-at="2020-06-12T18:59:23 IST" finished-at="2020-06-12T19:00:53 IST">
      <class name="com.qa.test.SelfSigning">
        <test-method status="PASS" signature="setUp()[pri:0, instance:com.qa.test.SelfSigning@d44fc21]" name="setUp" is-config="true" duration-ms="15713" started-at="2020-06-12T18:59:23 IST" finished-at="2020-06-12T18:59:39 IST">
          <reporter-output>
          </reporter-output>
        </test-method> <!-- setUp -->
        <test-method status="PASS" signature="selfSigningUsingSignature()[pri:1, instance:com.qa.test.SelfSigning@d44fc21]" name="selfSigningUsingSignature" duration-ms="31850" started-at="2020-06-12T18:59:39 IST" finished-at="2020-06-12T19:00:11 IST">
          <reporter-output>
          </reporter-output>
        </test-method> <!-- selfSigningUsingSignature -->
        <test-method status="PASS" signature="setUp()[pri:0, instance:com.qa.test.SelfSigning@d44fc21]" name="setUp" is-config="true" duration-ms="7683" started-at="2020-06-12T19:00:11 IST" finished-at="2020-06-12T19:00:18 IST">
          <reporter-output>
          </reporter-output>
        </test-method> <!-- setUp -->
        <test-method status="PASS" signature="selfSigningUsingDate()[pri:2, instance:com.qa.test.SelfSigning@d44fc21]" name="selfSigningUsingDate" duration-ms="34154" started-at="2020-06-12T19:00:18 IST" finished-at="2020-06-12T19:00:53 IST">
          <reporter-output>
          </reporter-output>
        </test-method> <!-- selfSigningUsingDate -->
        <test-method status="PASS" signature="closeBrowser()[pri:0, instance:com.qa.test.SelfSigning@d44fc21]" name="closeBrowser" is-config="true" duration-ms="238" started-at="2020-06-12T19:00:53 IST" finished-at="2020-06-12T19:00:53 IST">
          <reporter-output>
          </reporter-output>
        </test-method> <!-- closeBrowser -->
      </class> <!-- com.qa.test.SelfSigning -->
    </test> <!-- Default test -->
  </suite> <!-- Default suite -->
</testng-results>
